This is pdfTeX, Version 3.14159265-2.6-1.40.16 (TeX Live 2015) (preloaded format=pdflatex 2015.10.4)  28 FEB 2016 17:37
entering extended mode
 restricted \write18 enabled.
 %&-line parsing enabled.
**dissertacao.tex
(./dissertacao.tex
LaTeX2e <2015/01/01>
Babel <3.9l> and hyphenation patterns for 79 languages loaded.
(./ufpr.cls
Document Class: ufpr 2000/09/20 v0.1a Luciano Silva - Normas UFPR 
(/usr/local/texlive/2015/texmf-dist/tex/latex/base/size12.clo
File: size12.clo 2014/09/29 v1.4h Standard LaTeX file (size option)
)
\c@part=\count79
\c@chapter=\count80
\c@section=\count81
\c@subsection=\count82
\c@subsubsection=\count83
\c@paragraph=\count84
\c@subparagraph=\count85
\c@figure=\count86
\c@table=\count87
\abovecaptionskip=\skip41
\belowcaptionskip=\skip42
\bibindent=\dimen102
)
(/usr/local/texlive/2015/texmf-dist/tex/generic/babel/babel.sty
Package: babel 2014/09/25 3.9l The Babel package

(/usr/local/texlive/2015/texmf-dist/tex/generic/babel-portuges/portuges.ldf
Language: portuges 2008/03/18 v1.2q Portuguese support from the babel system

(/usr/local/texlive/2015/texmf-dist/tex/generic/babel/babel.def
File: babel.def 2014/09/25 3.9l Babel common definitions
\babel@savecnt=\count88
\U@D=\dimen103
)
Package babel Info: Making " an active character on input line 145.
)
(/usr/local/texlive/2015/texmf-dist/tex/generic/babel-portuges/portuges.ldf
Language: portuges 2008/03/18 v1.2q Portuguese support from the babel system
\l@brazil = a dialect from \language\l@portuges 
))
(/usr/local/texlive/2015/texmf-dist/tex/latex/base/inputenc.sty
Package: inputenc 2015/03/17 v1.2c Input encoding file
\inpenc@prehook=\toks14
\inpenc@posthook=\toks15

(/usr/local/texlive/2015/texmf-dist/tex/latex/base/latin1.def
File: latin1.def 2015/03/17 v1.2c Input encoding file
))
(/usr/local/texlive/2015/texmf-dist/tex/latex/amsfonts/amssymb.sty
Package: amssymb 2013/01/14 v3.01 AMS font symbols

(/usr/local/texlive/2015/texmf-dist/tex/latex/amsfonts/amsfonts.sty
Package: amsfonts 2013/01/14 v3.01 Basic AMSFonts support
\@emptytoks=\toks16
\symAMSa=\mathgroup4
\symAMSb=\mathgroup5
LaTeX Font Info:    Overwriting math alphabet `\mathfrak' in version `bold'
(Font)                  U/euf/m/n --> U/euf/b/n on input line 106.
))
(/usr/local/texlive/2015/texmf-dist/tex/latex/amsmath/amsmath.sty
Package: amsmath 2013/01/14 v2.14 AMS math features
\@mathmargin=\skip43

For additional information on amsmath, use the `?' option.
(/usr/local/texlive/2015/texmf-dist/tex/latex/amsmath/amstext.sty
Package: amstext 2000/06/29 v2.01

(/usr/local/texlive/2015/texmf-dist/tex/latex/amsmath/amsgen.sty
File: amsgen.sty 1999/11/30 v2.0
\@emptytoks=\toks17
\ex@=\dimen104
))
(/usr/local/texlive/2015/texmf-dist/tex/latex/amsmath/amsbsy.sty
Package: amsbsy 1999/11/29 v1.2d
\pmbraise@=\dimen105
)
(/usr/local/texlive/2015/texmf-dist/tex/latex/amsmath/amsopn.sty
Package: amsopn 1999/12/14 v2.01 operator names
)
\inf@bad=\count89
LaTeX Info: Redefining \frac on input line 210.
\uproot@=\count90
\leftroot@=\count91
LaTeX Info: Redefining \overline on input line 306.
\classnum@=\count92
\DOTSCASE@=\count93
LaTeX Info: Redefining \ldots on input line 378.
LaTeX Info: Redefining \dots on input line 381.
LaTeX Info: Redefining \cdots on input line 466.
\Mathstrutbox@=\box26
\strutbox@=\box27
\big@size=\dimen106
LaTeX Font Info:    Redeclaring font encoding OML on input line 566.
LaTeX Font Info:    Redeclaring font encoding OMS on input line 567.
\macc@depth=\count94
\c@MaxMatrixCols=\count95
\dotsspace@=\muskip10
\c@parentequation=\count96
\dspbrk@lvl=\count97
\tag@help=\toks18
\row@=\count98
\column@=\count99
\maxfields@=\count100
\andhelp@=\toks19
\eqnshift@=\dimen107
\alignsep@=\dimen108
\tagshift@=\dimen109
\tagwidth@=\dimen110
\totwidth@=\dimen111
\lineht@=\dimen112
\@envbody=\toks20
\multlinegap=\skip44
\multlinetaggap=\skip45
\mathdisplay@stack=\toks21
LaTeX Info: Redefining \[ on input line 2665.
LaTeX Info: Redefining \] on input line 2666.
)
(/usr/local/texlive/2015/texmf-dist/tex/latex/graphics/epsfig.sty
Package: epsfig 1999/02/16 v1.7a (e)psfig emulation (SPQR)

(/usr/local/texlive/2015/texmf-dist/tex/latex/graphics/graphicx.sty
Package: graphicx 2014/10/28 v1.0g Enhanced LaTeX Graphics (DPC,SPQR)

(/usr/local/texlive/2015/texmf-dist/tex/latex/graphics/keyval.sty
Package: keyval 2014/10/28 v1.15 key=value parser (DPC)
\KV@toks@=\toks22
)
(/usr/local/texlive/2015/texmf-dist/tex/latex/graphics/graphics.sty
Package: graphics 2014/10/28 v1.0p Standard LaTeX Graphics (DPC,SPQR)

(/usr/local/texlive/2015/texmf-dist/tex/latex/graphics/trig.sty
Package: trig 1999/03/16 v1.09 sin cos tan (DPC)
)
(/usr/local/texlive/2015/texmf-dist/tex/latex/latexconfig/graphics.cfg
File: graphics.cfg 2010/04/23 v1.9 graphics configuration of TeX Live
)
Package graphics Info: Driver file: pdftex.def on input line 94.

(/usr/local/texlive/2015/texmf-dist/tex/latex/pdftex-def/pdftex.def
File: pdftex.def 2011/05/27 v0.06d Graphics/color for pdfTeX

(/usr/local/texlive/2015/texmf-dist/tex/generic/oberdiek/infwarerr.sty
Package: infwarerr 2010/04/08 v1.3 Providing info/warning/error messages (HO)
)
(/usr/local/texlive/2015/texmf-dist/tex/generic/oberdiek/ltxcmds.sty
Package: ltxcmds 2011/11/09 v1.22 LaTeX kernel commands for general use (HO)
)
\Gread@gobject=\count101
))
\Gin@req@height=\dimen113
\Gin@req@width=\dimen114
)
\epsfxsize=\dimen115
\epsfysize=\dimen116
)
(/usr/local/texlive/2015/texmf-dist/tex/latex/multirow/multirow.sty
\bigstrutjot=\dimen117
)
(/usr/local/texlive/2015/texmf-dist/tex/latex/tools/xspace.sty
Package: xspace 2014/10/28 v1.13 Space after command names (DPC,MH)
)
(/usr/local/texlive/2015/texmf-dist/tex/latex/url/url.sty
\Urlmuskip=\muskip11
Package: url 2013/09/16  ver 3.4  Verb mode for urls, etc.
)
(/usr/local/texlive/2015/texmf-dist/tex/latex/etoolbox/etoolbox.sty
Package: etoolbox 2015/05/04 v2.2 e-TeX tools for LaTeX (JAW)
\etb@tempcnta=\count102
)
(./isolatin1.sty ISO-latin-1 input coding, version 0.9 of 1-Jun-1992.)
(/usr/local/texlive/2015/texmf-dist/tex/latex/subfigure/subfigure.sty
Package: subfigure 2002/03/15 v2.1.5 subfigure package
\subfigtopskip=\skip46
\subfigcapskip=\skip47
\subfigcaptopadj=\dimen118
\subfigbottomskip=\skip48
\subfigcapmargin=\dimen119
\subfiglabelskip=\skip49
\c@subfigure=\count103
\c@lofdepth=\count104
\c@subtable=\count105
\c@lotdepth=\count106

****************************************
* Local config file subfigure.cfg used *
****************************************
(/usr/local/texlive/2015/texmf-dist/tex/latex/subfigure/subfigure.cfg)
\subfig@top=\skip50
\subfig@bottom=\skip51
)
(/usr/local/texlive/2015/texmf-dist/tex/latex/caption/caption2.sty
Package: caption2 2013/02/03 v2.2-62 Customising captions (AR)


Package caption2 Warning: ****************************************************
(caption2)                THIS PACKAGE IS OBSOLETE:
(caption2)                This package attempts to provide an `caption2'
(caption2)                package v2.0/2.1 author environment so that OLD
(caption2)                documents can be successfully processed. It should
(caption2)                NOT be used for NEW documents! New documents should
(caption2)                use the regular `caption' package v3.x instead.
(caption2)                ****************************************************

(/usr/local/texlive/2015/texmf-dist/tex/latex/caption/caption3.sty
Package: caption3 2013/05/02 v1.6-88 caption3 kernel (AR)
Package caption3 Info: TeX engine: e-TeX on input line 57.
\captionmargin=\dimen120
\captionmargin@=\dimen121
\captionwidth=\dimen122
\caption@tempdima=\dimen123
\caption@indent=\dimen124
\caption@parindent=\dimen125
\caption@hangindent=\dimen126
)
Package caption2 Info: Running in caption2 v2.0 compatibility mode on input lin
e 215.
\captionlinewidth=\dimen127
\realcaptionwidth=\dimen128
Package caption2 Info: subfigure package v2.1 (or newer) detected on input line
 443.
\subfigcapwidth=\dimen129
\subcapindent=\dimen130
)
(/usr/local/texlive/2015/texmf-dist/tex/latex/setspace/setspace.sty
Package: setspace 2011/12/19 v6.7a set line spacing
)
(./ps-macros.sty
PS-MACROS, University of Sussex at Brighton, 17-MAR-1992
(/usr/local/texlive/2015/texmf-dist/tex/generic/epsf/epsf.tex
This is `epsf.tex' v2.7.4 <14 February 2011>
\epsffilein=\read1
\epsfframemargin=\dimen131
\epsfframethickness=\dimen132
\epsfrsize=\dimen133
\epsftmp=\dimen134
\epsftsize=\dimen135
\epsfxsize=\dimen136
\epsfysize=\dimen137
\pspoints=\dimen138
)) (/usr/local/texlive/2015/texmf-dist/tex/latex/natbib/natbib.sty
Package: natbib 2010/09/13 8.31b (PWD, AO)
\bibhang=\skip52
\bibsep=\skip53
LaTeX Info: Redefining \cite on input line 694.
\c@NAT@ctr=\count107
)
(/usr/local/texlive/2015/texmf-dist/tex/latex/tools/array.sty
Package: array 2014/10/28 v2.4c Tabular extension package (FMi)
\col@sep=\dimen139
\extrarowheight=\dimen140
\NC@list=\toks23
\extratabsurround=\skip54
\backup@length=\skip55
)
(/usr/local/texlive/2015/texmf-dist/tex/latex/floatrow/floatrow.sty
Package: floatrow 2008/08/02 v0.3b floatrow: float package extension
\c@float@type=\count108
\float@exts=\toks24
\float@box=\box28
\@floatcapt=\box29
Package floatrow Info: Modified float package code loaded on input line 455.
Package floatrow Info: Modified rotfloat package code loaded on input line 473.

\FR@everyfloat=\toks25
\flrow@foot=\insert233
\FB@wd=\dimen141
\FBo@wd=\dimen142
\FBc@wd=\dimen143
\FBo@ht=\skip56
\FBc@ht=\skip57
\FBf@ht=\skip58
\FBo@max=\skip59
\FBc@max=\skip60
\FBf@max=\skip61
\c@FBl@b=\count109
\floatbox@depth=\count110
\c@FRobj=\count111
\c@FRsobj=\count112
\Xhsize=\skip62
\sXhsize=\skip63
\Zhsize=\skip64
\sZhsize=\skip65
\flrow@rowbox=\box30
\FR@Zunitlength=\dimen144
\c@FBcnt=\count113
\FPOScnt=\count114
\LTleft=\skip66
\LTright=\skip67
\LTleft=\skip68
\LTright=\skip69
\flrow@types=\toks26
)
(./dissertacao.aux)
\openout1 = `dissertacao.aux'.

LaTeX Font Info:    Checking defaults for OML/cmm/m/it on input line 81.
LaTeX Font Info:    ... okay on input line 81.
LaTeX Font Info:    Checking defaults for T1/cmr/m/n on input line 81.
LaTeX Font Info:    ... okay on input line 81.
LaTeX Font Info:    Checking defaults for OT1/cmr/m/n on input line 81.
LaTeX Font Info:    ... okay on input line 81.
LaTeX Font Info:    Checking defaults for OMS/cmsy/m/n on input line 81.
LaTeX Font Info:    ... okay on input line 81.
LaTeX Font Info:    Checking defaults for OMX/cmex/m/n on input line 81.
LaTeX Font Info:    ... okay on input line 81.
LaTeX Font Info:    Checking defaults for U/cmr/m/n on input line 81.
LaTeX Font Info:    ... okay on input line 81.

(/usr/local/texlive/2015/texmf-dist/tex/context/base/supp-pdf.mkii
[Loading MPS to PDF converter (version 2006.09.02).]
\scratchcounter=\count115
\scratchdimen=\dimen145
\scratchbox=\box31
\nofMPsegments=\count116
\nofMParguments=\count117
\everyMPshowfont=\toks27
\MPscratchCnt=\count118
\MPscratchDim=\dimen146
\MPnumerator=\count119
\makeMPintoPDFobject=\count120
\everyMPtoPDFconversion=\toks28
) (/usr/local/texlive/2015/texmf-dist/tex/generic/oberdiek/pdftexcmds.sty
Package: pdftexcmds 2011/11/29 v0.20 Utility functions of pdfTeX for LuaTeX (HO
)

(/usr/local/texlive/2015/texmf-dist/tex/generic/oberdiek/ifluatex.sty
Package: ifluatex 2010/03/01 v1.3 Provides the ifluatex switch (HO)
Package ifluatex Info: LuaTeX not detected.
)
(/usr/local/texlive/2015/texmf-dist/tex/generic/oberdiek/ifpdf.sty
Package: ifpdf 2011/01/30 v2.3 Provides the ifpdf switch (HO)
Package ifpdf Info: pdfTeX in PDF mode is detected.
)
Package pdftexcmds Info: LuaTeX not detected.
Package pdftexcmds Info: \pdf@primitive is available.
Package pdftexcmds Info: \pdf@ifprimitive is available.
Package pdftexcmds Info: \pdfdraftmode found.
)
(/usr/local/texlive/2015/texmf-dist/tex/latex/oberdiek/epstopdf-base.sty
Package: epstopdf-base 2010/02/09 v2.5 Base part for package epstopdf

(/usr/local/texlive/2015/texmf-dist/tex/latex/oberdiek/grfext.sty
Package: grfext 2010/08/19 v1.1 Manage graphics extensions (HO)

(/usr/local/texlive/2015/texmf-dist/tex/generic/oberdiek/kvdefinekeys.sty
Package: kvdefinekeys 2011/04/07 v1.3 Define keys (HO)
))
(/usr/local/texlive/2015/texmf-dist/tex/latex/oberdiek/kvoptions.sty
Package: kvoptions 2011/06/30 v3.11 Key value format for package options (HO)

(/usr/local/texlive/2015/texmf-dist/tex/generic/oberdiek/kvsetkeys.sty
Package: kvsetkeys 2012/04/25 v1.16 Key value parser (HO)

(/usr/local/texlive/2015/texmf-dist/tex/generic/oberdiek/etexcmds.sty
Package: etexcmds 2011/02/16 v1.5 Avoid name clashes with e-TeX commands (HO)
Package etexcmds Info: Could not find \expanded.
(etexcmds)             That can mean that you are not using pdfTeX 1.50 or
(etexcmds)             that some package has redefined \expanded.
(etexcmds)             In the latter case, load this package earlier.
)))
Package grfext Info: Graphics extension search list:
(grfext)             [.png,.pdf,.jpg,.mps,.jpeg,.jbig2,.jb2,.PNG,.PDF,.JPG,.JPE
G,.JBIG2,.JB2,.eps]
(grfext)             \AppendGraphicsExtensions on input line 452.

(/usr/local/texlive/2015/texmf-dist/tex/latex/latexconfig/epstopdf-sys.cfg
File: epstopdf-sys.cfg 2010/07/13 v1.3 Configuration of (r)epstopdf for TeX Liv
e
))
Package caption Info: Begin \AtBeginDocument code.
Package caption Info: End \AtBeginDocument code.

(/usr/local/texlive/2015/texmf-dist/tex/latex/graphics/color.sty
Package: color 2014/10/28 v1.1a Standard LaTeX Color (DPC)

(/usr/local/texlive/2015/texmf-dist/tex/latex/latexconfig/color.cfg
File: color.cfg 2007/01/18 v1.5 color configuration of teTeX/TeXLive
)
Package color Info: Driver file: pdftex.def on input line 142.
)
LaTeX Font Info:    Try loading font information for U+msa on input line 83.

(/usr/local/texlive/2015/texmf-dist/tex/latex/amsfonts/umsa.fd
File: umsa.fd 2013/01/14 v3.01 AMS symbols A
)
LaTeX Font Info:    Try loading font information for U+msb on input line 83.

(/usr/local/texlive/2015/texmf-dist/tex/latex/amsfonts/umsb.fd
File: umsb.fd 2013/01/14 v3.01 AMS symbols B
) [1

{/usr/local/texlive/2015/texmf-var/fonts/map/pdftex/updmap/pdftex.map}] [1]
(./agradecimentos.tex) [1] (./dissertacao.toc [2

] [3])
\tf@toc=\write3
\openout3 = `dissertacao.toc'.

 [4] (./dissertacao.lof)
\tf@lof=\write4
\openout4 = `dissertacao.lof'.


[5

] (./dissertacao.lot)
\tf@lot=\write5
\openout5 = `dissertacao.lot'.

 [6

] (./resumo.tex) [7

] (./abstract.tex) [8

]
(./capitulo1.tex
Cap\'{\i }tulo 1.

Package natbib Warning: Citation `pressman' on page 1 undefined on input line 9
.


Package natbib Warning: Citation `martinsgerenciando' on page 1 undefined on in
put line 9.

[1

]

Package natbib Warning: Citation `toyota' on page 2 undefined on input line 15.



Package natbib Warning: Citation `normas' on page 2 undefined on input line 17.



Package natbib Warning: Citation `kotler' on page 2 undefined on input line 23.


[2]
Overfull \hbox (6.3914pt too wide) in paragraph at lines 36--37
[]\OT1/cmr/m/n/12 Nenhum m^^Setodo pre-e-xis-tente e nem mesmo os con-sul-to-re
s es-pe-ci-a-li-za-dos na im-planta^^Xc~ao
 []

[3]
Overfull \hbox (7.10449pt too wide) in paragraph at lines 50--51
\OT1/cmr/bx/n/12 para im-planta^^Xc~ao da ISO/IEC 29110 que pri-o-rize pro-ces-
sos com maior ader^encia
 []

) (./capitulo2.tex [4] [5]
Cap\'{\i }tulo 2.

Package natbib Warning: Citation `metodos' on page 6 undefined on input line 9.



Package natbib Warning: Citation `pressman' on page 6 undefined on input line 1
7.

<figuras/eng_sw_camadas.png, id=59, 367.3725pt x 105.39375pt>
File: figuras/eng_sw_camadas.png Graphic file (type png)

<use figuras/eng_sw_camadas.png>
Package pdftex.def Info: figuras/eng_sw_camadas.png used on input line 23.
(pdftex.def)             Requested size: 367.37158pt x 105.39348pt.


Package natbib Warning: Citation `pressman' on page 6 undefined on input line 2
5.


Package natbib Warning: Citation `pressman' on page 6 undefined on input line 2
5.

[6

]

Package natbib Warning: Citation `reicis' on page 7 undefined on input line 38.



Package natbib Warning: Citation `ieee_comp' on page 7 undefined on input line 
38.

[7 <./figuras/eng_sw_camadas.png>]

Package natbib Warning: Citation `guia.sebrae' on page 8 undefined on input lin
e 40.


Package natbib Warning: Citation `fayad' on page 8 undefined on input line 44.

LaTeX Font Info:    Try loading font information for OMS+cmr on input line 48.
(/usr/local/texlive/2015/texmf-dist/tex/latex/base/omscmr.fd
File: omscmr.fd 2014/09/29 v2.5h Standard LaTeX font definitions
)
LaTeX Font Info:    Font shape `OMS/cmr/m/n' in size <12> not available
(Font)              Font shape `OMS/cmsy/m/n' tried instead on input line 48.
 [8] [9]
Underfull \hbox (badness 1715) in paragraph at lines 86--86
[][]\OT1/cmr/m/n/10 ISO/IEC JTC 1/SC 7 \OT1/cmr/m/it/10 Soft-ware and sys-tems 
en-gi-ne-e-ring \OT1/cmr/m/n/10 - $\OT1/cmtt/m/n/10 http : / / www . iso . org 
/ iso / iso _
 []


Overfull \hbox (11.71358pt too wide) in paragraph at lines 94--95
[]\OT1/cmr/m/n/12 Fornecer do-cu-menta^^Xc~oes har-mo-ni-za-das in-te-grando pa
dr~oes j^^Sa dis-pon^^S^^Pveis como padr~oes
 []

[10] [11] [12]

Package natbib Warning: Citation `swicetrip' on page 13 undefined on input line
 160.

[13] <figuras/serie_iso.png, id=87, 721.69624pt x 645.41125pt>
File: figuras/serie_iso.png Graphic file (type png)

<use figuras/serie_iso.png>
Package pdftex.def Info: figuras/serie_iso.png used on input line 186.
(pdftex.def)             Requested size: 288.67339pt x 258.15993pt.


Package natbib Warning: Citation `iso' on page 14 undefined on input line 188.


Package natbib Warning: Citation `iso' on page 14 undefined on input line 188.


Package natbib Warning: Citation `iso' on page 14 undefined on input line 192.


Package natbib Warning: Citation `iso' on page 14 undefined on input line 204.

[14 <./figuras/serie_iso.png>]
<figuras/gp_desenv_sw.png, id=93, 919.435pt x 529.98pt>
File: figuras/gp_desenv_sw.png Graphic file (type png)

<use figuras/gp_desenv_sw.png>
Package pdftex.def Info: figuras/gp_desenv_sw.png used on input line 224.
(pdftex.def)             Requested size: 275.83263pt x 158.99521pt.


Package natbib Warning: Citation `iso' on page 15 undefined on input line 226.


Package natbib Warning: Citation `iso' on page 15 undefined on input line 226.


Package natbib Warning: Citation `iso' on page 15 undefined on input line 233.

[15 <./figuras/gp_desenv_sw.png>]
<figuras/gp_diagr.png, id=99, 550.055pt x 650.43pt>
File: figuras/gp_diagr.png Graphic file (type png)
 <use figuras/gp_diagr.png>
Package pdftex.def Info: figuras/gp_diagr.png used on input line 257.
(pdftex.def)             Requested size: 275.02682pt x 325.2142pt.


Package natbib Warning: Citation `iso' on page 16 undefined on input line 259.


Package natbib Warning: Citation `iso' on page 16 undefined on input line 259.


LaTeX Warning: `!h' float specifier changed to `!ht'.


Package natbib Warning: Citation `iso' on page 16 undefined on input line 266.

[16] [17 <./figuras/gp_diagr.png>]
<figuras/dsw_diagr.png, id=107, 576.1525pt x 752.8125pt>
File: figuras/dsw_diagr.png Graphic file (type png)

<use figuras/dsw_diagr.png>
Package pdftex.def Info: figuras/dsw_diagr.png used on input line 290.
(pdftex.def)             Requested size: 288.07553pt x 376.40532pt.


Package natbib Warning: Citation `iso' on page 18 undefined on input line 292.


Package natbib Warning: Citation `iso' on page 18 undefined on input line 292.


LaTeX Warning: `!h' float specifier changed to `!ht'.

) (./capitulo3.tex [18] [19 <./figuras/dsw_diagr.png>]
Cap\'{\i }tulo 3.
[20

] [21] <figuras/organograma.png, id=122, 650.43pt x 363.759pt>
File: figuras/organograma.png Graphic file (type png)

<use figuras/organograma.png>
Package pdftex.def Info: figuras/organograma.png used on input line 43.
(pdftex.def)             Requested size: 390.261pt x 218.25708pt.


Package natbib Warning: Citation `metodos' on page 22 undefined on input line 5
2.

[22 <./figuras/organograma.png>]
<figuras/metodo_cientifico.png, id=127, 776.14969pt x 368.1253pt>
File: figuras/metodo_cientifico.png Graphic file (type png)

<use figuras/metodo_cientifico.png>
Package pdftex.def Info: figuras/metodo_cientifico.png used on input line 58.
(pdftex.def)             Requested size: 388.0739pt x 184.0622pt.


Package natbib Warning: Citation `metodos' on page 23 undefined on input line 6
0.


Package natbib Warning: Citation `metodos' on page 23 undefined on input line 6
0.


Package natbib Warning: Citation `manzato' on page 23 undefined on input line 9
9.

[23 <./figuras/metodo_cientifico.png>]
<figuras/abordagem_pesquisa.png, id=132, 913.4125pt x 611.28375pt>
File: figuras/abordagem_pesquisa.png Graphic file (type png)

<use figuras/abordagem_pesquisa.png>
Package pdftex.def Info: figuras/abordagem_pesquisa.png used on input line 99.
(pdftex.def)             Requested size: 456.70514pt x 305.64113pt.

Overfull \hbox (1.46106pt too wide) in paragraph at lines 99--99
 [][] 
 []


Package natbib Warning: Citation `manzato' on page 24 undefined on input line 9
9.


Package natbib Warning: Citation `manzato' on page 24 undefined on input line 9
9.


Package natbib Warning: Citation `manzato' on page 24 undefined on input line 9
9.

<figuras/fluxo_plan_questionario.jpg, id=133, 498.86375pt x 722.7pt>
File: figuras/fluxo_plan_questionario.jpg Graphic file (type jpg)

<use figuras/fluxo_plan_questionario.jpg>
Package pdftex.def Info: figuras/fluxo_plan_questionario.jpg used on input line
 99.
(pdftex.def)             Requested size: 299.32056pt x 433.62334pt.


Package natbib Warning: Citation `manzato' on page 24 undefined on input line 9
9.


Package natbib Warning: Citation `manzato' on page 24 undefined on input line 9
9.


LaTeX Warning: `!h' float specifier changed to `!ht'.

[24 <./figuras/abordagem_pesquisa.png>]

Package natbib Warning: Citation `manzato' on page 25 undefined on input line 1
04.

[25 <./figuras/fluxo_plan_questionario.jpg>]

Package natbib Warning: Citation `iso' on page 26 undefined on input line 123.


Package natbib Warning: Citation `garson' on page 26 undefined on input line 13
6.

<figuras/class_valores.png, id=141, 652.4375pt x 199.74625pt>
File: figuras/class_valores.png Graphic file (type png)

<use figuras/class_valores.png>
Package pdftex.def Info: figuras/class_valores.png used on input line 139.
(pdftex.def)             Requested size: 456.70313pt x 139.82141pt.

Overfull \hbox (1.45905pt too wide) in paragraph at lines 139--140
 [][] 
 []


LaTeX Warning: `!h' float specifier changed to `!ht'.

[26] [27 <./figuras/class_valores.png>]

Package natbib Warning: Citation `garson' on page 28 undefined on input line 20
8.


Package natbib Warning: Citation `garson' on page 28 undefined on input line 20
8.

[28]

Package natbib Warning: Citation `jamieson2004likert' on page 29 undefined on i
nput line 235.

[29] <figuras/pergunta_valor.png, id=158, 534.99875pt x 156.585pt>
File: figuras/pergunta_valor.png Graphic file (type png)

<use figuras/pergunta_valor.png>
Package pdftex.def Info: figuras/pergunta_valor.png used on input line 244.
(pdftex.def)             Requested size: 427.99957pt x 125.26816pt.
 [30 <./figuras/pergunta_valor.png>]
<figuras/pergunta_score.png, id=163, 621.32124pt x 159.59625pt>
File: figuras/pergunta_score.png Graphic file (type png)

<use figuras/pergunta_score.png>
Package pdftex.def Info: figuras/pergunta_score.png used on input line 327.
(pdftex.def)             Requested size: 497.05768pt x 127.67715pt.

Overfull \hbox (41.8136pt too wide) in paragraph at lines 327--327
 [][] 
 []


LaTeX Warning: `!h' float specifier changed to `!ht'.

[31] [32 <./figuras/pergunta_score.png>]
<figuras/resultado_PM.png, id=171, 675.27281pt x 91.09032pt>
File: figuras/resultado_PM.png Graphic file (type png)

<use figuras/resultado_PM.png>
Package pdftex.def Info: figuras/resultado_PM.png used on input line 370.
(pdftex.def)             Requested size: 472.68774pt x 63.76277pt.

Overfull \hbox (17.44366pt too wide) in paragraph at lines 370--371
 [][] 
 []

<figuras/resultado_SI.png, id=172, 640.64343pt x 90.3375pt>
File: figuras/resultado_SI.png Graphic file (type png)

<use figuras/resultado_SI.png>
Package pdftex.def Info: figuras/resultado_SI.png used on input line 377.
(pdftex.def)             Requested size: 448.44734pt x 63.23581pt.


LaTeX Warning: `!h' float specifier changed to `!ht'.

[33 <./figuras/resultado_PM.png>]
<figuras/pergunta_PM111Q1.png, id=178, 378.66469pt x 215.30438pt>
File: figuras/pergunta_PM111Q1.png Graphic file (type png)

<use figuras/pergunta_PM111Q1.png>
Package pdftex.def Info: figuras/pergunta_PM111Q1.png used on input line 388.
(pdftex.def)             Requested size: 265.06346pt x 150.71204pt.

<figuras/pergunta_PM111Q1_ISO.png, id=179, 129.48375pt x 214.55156pt>
File: figuras/pergunta_PM111Q1_ISO.png Graphic file (type png)

<use figuras/pergunta_PM111Q1_ISO.png>
Package pdftex.def Info: figuras/pergunta_PM111Q1_ISO.png used on input line 39
7.
(pdftex.def)             Requested size: 90.63799pt x 150.18506pt.


LaTeX Warning: `!h' float specifier changed to `!ht'.

) (./capitulo4.tex [34 <./figuras/resultado_SI.png> <./figuras/pergunta_PM111Q1
.png>] [35 <./figuras/pergunta_PM111Q1_ISO.png>]
Cap\'{\i }tulo 4.
[36

]

Package natbib Warning: Citation `iso' on page 37 undefined on input line 19.


Package natbib Warning: Citation `pmbok' on page 37 undefined on input line 22.


[37]

Package natbib Warning: Citation `iso' on page 38 undefined on input line 43.


Package natbib Warning: Citation `pmbok' on page 38 undefined on input line 47.


[38]

Package natbib Warning: Citation `iso' on page 39 undefined on input line 68.

[39]

Package natbib Warning: Citation `pmbok' on page 40 undefined on input line 71.



Package natbib Warning: Citation `iso' on page 40 undefined on input line 92.

[40]

Package natbib Warning: Citation `pmbok' on page 41 undefined on input line 95.



Package natbib Warning: Citation `iso' on page 41 undefined on input line 114.

[41] [42]

Package natbib Warning: Citation `iso' on page 43 undefined on input line 141.

[43]

Package natbib Warning: Citation `iso' on page 44 undefined on input line 166.

[44]

Package natbib Warning: Citation `iso' on page 45 undefined on input line 188.

[45]

Package natbib Warning: Citation `iso' on page 46 undefined on input line 210.

[46] [47]

Package natbib Warning: Citation `iso' on page 48 undefined on input line 234.

[48]
Overfull \hbox (12.11191pt too wide) in paragraph at lines 259--273
 [][] 
 []

) (./conclusao.tex [49]
Cap\'{\i }tulo 5.
[50

] [51] [52]

Package natbib Warning: Citation `jamieson2004likert' on page 53 undefined on i
nput line 62.

[53]) (./anexo.tex [54]
Ap\^endice A.
<figuras/atendimentos_por_tipo.jpg, id=250, 360.59718pt x 214.55156pt>
File: figuras/atendimentos_por_tipo.jpg Graphic file (type jpg)

<use figuras/atendimentos_por_tipo.jpg>
Package pdftex.def Info: figuras/atendimentos_por_tipo.jpg used on input line 7
3.
(pdftex.def)             Requested size: 180.29814pt x 107.27551pt.


LaTeX Warning: `!h' float specifier changed to `!ht'.

[55

 <./figuras/atendimentos_por_tipo.jpg>] [56] [57]
Ap\^endice B.

Package natbib Warning: Citation `kotler' on page 58 undefined on input line 22
5.


Overfull \hbox (6.30954pt too wide) in paragraph at lines 241--246
 []|[]| 
 []


Overfull \hbox (6.30954pt too wide) in paragraph at lines 249--253
 []|[]| 
 []


Overfull \hbox (6.30954pt too wide) in paragraph at lines 260--264
 []|[]| 
 []


Overfull \hbox (6.30954pt too wide) in paragraph at lines 267--273
 []|[]| 
 []

[58

] [59] [60]
Ap\^endice C.

Overfull \hbox (12.8823pt too wide) in paragraph at lines 350--350
 \OT1/cmr/m/n/10 TREG[]AVEIS) 
 []


LaTeX Warning: `!h' float specifier changed to `!ht'.


Overfull \hbox (3.31285pt too wide) in paragraph at lines 371--371
 \OT1/cmr/m/n/10 tos/urg^encia| 
 []


LaTeX Warning: `!h' float specifier changed to `!ht'.


Overfull \hbox (7.75728pt too wide) in paragraph at lines 398--398
 []|\OT1/cmr/m/n/10 Treinamentos 
 []


LaTeX Warning: `!h' float specifier changed to `!ht'.


Overfull \hbox (7.75728pt too wide) in paragraph at lines 417--417
 []|\OT1/cmr/m/n/10 Treinamentos 
 []


LaTeX Warning: `!h' float specifier changed to `!ht'.


LaTeX Warning: `!h' float specifier changed to `!ht'.


Overfull \hbox (0.86844pt too wide) in paragraph at lines 465--465
 []|\OT1/cmr/m/n/10 PM.1.10.Q1| 
 []


LaTeX Warning: `!h' float specifier changed to `!ht'.


Overfull \hbox (0.86844pt too wide) in paragraph at lines 482--482
 []|\OT1/cmr/m/n/10 PM.1.11.Q1| 
 []


Overfull \hbox (0.86844pt too wide) in paragraph at lines 484--484
 []|\OT1/cmr/m/n/10 PM.1.12.Q1| 
 []


Overfull \hbox (0.86844pt too wide) in paragraph at lines 486--486
 []|\OT1/cmr/m/n/10 PM.1.12.Q2| 
 []


Overfull \hbox (0.86844pt too wide) in paragraph at lines 488--488
 []|\OT1/cmr/m/n/10 PM.1.12.Q3| 
 []


Overfull \hbox (0.86844pt too wide) in paragraph at lines 490--490
 []|\OT1/cmr/m/n/10 PM.1.12.Q4| 
 []


LaTeX Warning: Float too large for page by 28.37967pt on input line 493.


LaTeX Warning: `!h' float specifier changed to `!ht'.


Overfull \hbox (0.86844pt too wide) in paragraph at lines 507--507
 []|\OT1/cmr/m/n/10 PM.1.13.Q1| 
 []


Overfull \hbox (0.86844pt too wide) in paragraph at lines 509--509
 []|\OT1/cmr/m/n/10 PM.1.13.Q2| 
 []


Overfull \hbox (0.86844pt too wide) in paragraph at lines 511--511
 []|\OT1/cmr/m/n/10 PM.1.13.Q3| 
 []


LaTeX Warning: `!h' float specifier changed to `!ht'.


Overfull \hbox (0.86844pt too wide) in paragraph at lines 528--528
 []|\OT1/cmr/m/n/10 PM.1.15.Q1| 
 []


Overfull \hbox (0.86844pt too wide) in paragraph at lines 530--530
 []|\OT1/cmr/m/n/10 PM.1.16.Q1| 
 []


LaTeX Warning: `!h' float specifier changed to `!ht'.

[61

] [62] [63] [64] [65] [66] [67] [68] [69] [70]
Ap\^endice D.

Overfull \hbox (5.45175pt too wide) in paragraph at lines 551--551
 []|\OT1/cmr/m/n/10 Identificando 
 []


Overfull \hbox (5.45175pt too wide) in paragraph at lines 551--551
 []|\OT1/cmr/m/n/10 Identificando 
 []


Overfull \hbox (5.45175pt too wide) in paragraph at lines 551--551
 []|\OT1/cmr/m/n/10 Identificando 
 []


Overfull \hbox (5.45175pt too wide) in paragraph at lines 551--551
 []|\OT1/cmr/m/n/10 Identificando 
 []


LaTeX Warning: `!h' float specifier changed to `!ht'.


LaTeX Warning: `!h' float specifier changed to `!ht'.

) (./dissertacao.bbl)

Package natbib Warning: There were undefined citations.

[71

]

LaTeX Warning: Text page 72 contains only floats.

[72] [73] (./dissertacao.aux) ) 
Here is how much of TeX's memory you used:
 5565 strings out of 493089
 78644 string characters out of 6134842
 256737 words of memory out of 5000000
 8872 multiletter control sequences out of 15000+600000
 14382 words of font info for 55 fonts, out of 8000000 for 9000
 1145 hyphenation exceptions out of 8191
 38i,19n,38p,1655b,403s stack positions out of 5000i,500n,10000p,200000b,80000s
</usr/local/texlive/2015/texmf-dist/fonts/type1/
public/amsfonts/cm/cmbx10.pfb></usr/local/texlive/2015/texmf-dist/fonts/type1/p
ublic/amsfonts/cm/cmbx12.pfb></usr/local/texlive/2015/texmf-dist/fonts/type1/pu
blic/amsfonts/cm/cmbxti10.pfb></usr/local/texlive/2015/texmf-dist/fonts/type1/p
ublic/amsfonts/cm/cmmi10.pfb></usr/local/texlive/2015/texmf-dist/fonts/type1/pu
blic/amsfonts/cm/cmmi12.pfb></usr/local/texlive/2015/texmf-dist/fonts/type1/pub
lic/amsfonts/cm/cmr10.pfb></usr/local/texlive/2015/texmf-dist/fonts/type1/publi
c/amsfonts/cm/cmr12.pfb></usr/local/texlive/2015/texmf-dist/fonts/type1/public/
amsfonts/cm/cmr7.pfb></usr/local/texlive/2015/texmf-dist/fonts/type1/public/ams
fonts/cm/cmr8.pfb></usr/local/texlive/2015/texmf-dist/fonts/type1/public/amsfon
ts/cm/cmsy10.pfb></usr/local/texlive/2015/texmf-dist/fonts/type1/public/amsfont
s/cm/cmti10.pfb></usr/local/texlive/2015/texmf-dist/fonts/type1/public/amsfonts
/cm/cmti12.pfb></usr/local/texlive/2015/texmf-dist/fonts/type1/public/amsfonts/
cm/cmtt10.pfb>
Output written on dissertacao.pdf (83 pages, 1000535 bytes).
PDF statistics:
 357 PDF objects out of 1000 (max. 8388607)
 225 compressed objects within 3 object streams
 0 named destinations out of 1000 (max. 500000)
 86 words of extra memory for PDF output out of 10000 (max. 10000000)

