This is pdfTeX, Version 3.14159265-2.6-1.40.16 (TeX Live 2015) (preloaded format=pdflatex 2015.10.4)  16 APR 2016 08:42
entering extended mode
 restricted \write18 enabled.
 %&-line parsing enabled.
**TCC.tex
(./TCC.tex
LaTeX2e <2015/01/01>
Babel <3.9l> and hyphenation patterns for 79 languages loaded.
(./fase.cls
Document Class: fase 2016/04/10 v0.1 Gladistone M. Afonso - Normas FASE 
(/usr/local/texlive/2015/texmf-dist/tex/latex/base/size12.clo
File: size12.clo 2014/09/29 v1.4h Standard LaTeX file (size option)
)
\c@part=\count79
\c@chapter=\count80
\c@section=\count81
\c@subsection=\count82
\c@subsubsection=\count83
\c@paragraph=\count84
\c@subparagraph=\count85
\c@figure=\count86
\c@table=\count87
\abovecaptionskip=\skip41
\belowcaptionskip=\skip42
\bibindent=\dimen102
)
(/usr/local/texlive/2015/texmf-dist/tex/generic/babel/babel.sty
Package: babel 2014/09/25 3.9l The Babel package

(/usr/local/texlive/2015/texmf-dist/tex/generic/babel-portuges/portuges.ldf
Language: portuges 2008/03/18 v1.2q Portuguese support from the babel system

(/usr/local/texlive/2015/texmf-dist/tex/generic/babel/babel.def
File: babel.def 2014/09/25 3.9l Babel common definitions
\babel@savecnt=\count88
\U@D=\dimen103
)
Package babel Info: Making " an active character on input line 145.
)
(/usr/local/texlive/2015/texmf-dist/tex/generic/babel-portuges/portuges.ldf
Language: portuges 2008/03/18 v1.2q Portuguese support from the babel system
\l@brazil = a dialect from \language\l@portuges 
))
(/usr/local/texlive/2015/texmf-dist/tex/latex/base/inputenc.sty
Package: inputenc 2015/03/17 v1.2c Input encoding file
\inpenc@prehook=\toks14
\inpenc@posthook=\toks15

(/usr/local/texlive/2015/texmf-dist/tex/latex/base/latin1.def
File: latin1.def 2015/03/17 v1.2c Input encoding file
))
(/usr/local/texlive/2015/texmf-dist/tex/latex/amsfonts/amssymb.sty
Package: amssymb 2013/01/14 v3.01 AMS font symbols

(/usr/local/texlive/2015/texmf-dist/tex/latex/amsfonts/amsfonts.sty
Package: amsfonts 2013/01/14 v3.01 Basic AMSFonts support
\@emptytoks=\toks16
\symAMSa=\mathgroup4
\symAMSb=\mathgroup5
LaTeX Font Info:    Overwriting math alphabet `\mathfrak' in version `bold'
(Font)                  U/euf/m/n --> U/euf/b/n on input line 106.
))
(/usr/local/texlive/2015/texmf-dist/tex/latex/amsmath/amsmath.sty
Package: amsmath 2013/01/14 v2.14 AMS math features
\@mathmargin=\skip43

For additional information on amsmath, use the `?' option.
(/usr/local/texlive/2015/texmf-dist/tex/latex/amsmath/amstext.sty
Package: amstext 2000/06/29 v2.01

(/usr/local/texlive/2015/texmf-dist/tex/latex/amsmath/amsgen.sty
File: amsgen.sty 1999/11/30 v2.0
\@emptytoks=\toks17
\ex@=\dimen104
))
(/usr/local/texlive/2015/texmf-dist/tex/latex/amsmath/amsbsy.sty
Package: amsbsy 1999/11/29 v1.2d
\pmbraise@=\dimen105
)
(/usr/local/texlive/2015/texmf-dist/tex/latex/amsmath/amsopn.sty
Package: amsopn 1999/12/14 v2.01 operator names
)
\inf@bad=\count89
LaTeX Info: Redefining \frac on input line 210.
\uproot@=\count90
\leftroot@=\count91
LaTeX Info: Redefining \overline on input line 306.
\classnum@=\count92
\DOTSCASE@=\count93
LaTeX Info: Redefining \ldots on input line 378.
LaTeX Info: Redefining \dots on input line 381.
LaTeX Info: Redefining \cdots on input line 466.
\Mathstrutbox@=\box26
\strutbox@=\box27
\big@size=\dimen106
LaTeX Font Info:    Redeclaring font encoding OML on input line 566.
LaTeX Font Info:    Redeclaring font encoding OMS on input line 567.
\macc@depth=\count94
\c@MaxMatrixCols=\count95
\dotsspace@=\muskip10
\c@parentequation=\count96
\dspbrk@lvl=\count97
\tag@help=\toks18
\row@=\count98
\column@=\count99
\maxfields@=\count100
\andhelp@=\toks19
\eqnshift@=\dimen107
\alignsep@=\dimen108
\tagshift@=\dimen109
\tagwidth@=\dimen110
\totwidth@=\dimen111
\lineht@=\dimen112
\@envbody=\toks20
\multlinegap=\skip44
\multlinetaggap=\skip45
\mathdisplay@stack=\toks21
LaTeX Info: Redefining \[ on input line 2665.
LaTeX Info: Redefining \] on input line 2666.
)
(/usr/local/texlive/2015/texmf-dist/tex/latex/graphics/epsfig.sty
Package: epsfig 1999/02/16 v1.7a (e)psfig emulation (SPQR)

(/usr/local/texlive/2015/texmf-dist/tex/latex/graphics/graphicx.sty
Package: graphicx 2014/10/28 v1.0g Enhanced LaTeX Graphics (DPC,SPQR)

(/usr/local/texlive/2015/texmf-dist/tex/latex/graphics/keyval.sty
Package: keyval 2014/10/28 v1.15 key=value parser (DPC)
\KV@toks@=\toks22
)
(/usr/local/texlive/2015/texmf-dist/tex/latex/graphics/graphics.sty
Package: graphics 2014/10/28 v1.0p Standard LaTeX Graphics (DPC,SPQR)

(/usr/local/texlive/2015/texmf-dist/tex/latex/graphics/trig.sty
Package: trig 1999/03/16 v1.09 sin cos tan (DPC)
)
(/usr/local/texlive/2015/texmf-dist/tex/latex/latexconfig/graphics.cfg
File: graphics.cfg 2010/04/23 v1.9 graphics configuration of TeX Live
)
Package graphics Info: Driver file: pdftex.def on input line 94.

(/usr/local/texlive/2015/texmf-dist/tex/latex/pdftex-def/pdftex.def
File: pdftex.def 2011/05/27 v0.06d Graphics/color for pdfTeX

(/usr/local/texlive/2015/texmf-dist/tex/generic/oberdiek/infwarerr.sty
Package: infwarerr 2010/04/08 v1.3 Providing info/warning/error messages (HO)
)
(/usr/local/texlive/2015/texmf-dist/tex/generic/oberdiek/ltxcmds.sty
Package: ltxcmds 2011/11/09 v1.22 LaTeX kernel commands for general use (HO)
)
\Gread@gobject=\count101
))
\Gin@req@height=\dimen113
\Gin@req@width=\dimen114
)
\epsfxsize=\dimen115
\epsfysize=\dimen116
)
(/usr/local/texlive/2015/texmf-dist/tex/latex/multirow/multirow.sty
\bigstrutjot=\dimen117
)
(/usr/local/texlive/2015/texmf-dist/tex/latex/tools/xspace.sty
Package: xspace 2014/10/28 v1.13 Space after command names (DPC,MH)
)
(/usr/local/texlive/2015/texmf-dist/tex/latex/url/url.sty
\Urlmuskip=\muskip11
Package: url 2013/09/16  ver 3.4  Verb mode for urls, etc.
)
(/usr/local/texlive/2015/texmf-dist/tex/latex/etoolbox/etoolbox.sty
Package: etoolbox 2015/05/04 v2.2 e-TeX tools for LaTeX (JAW)
\etb@tempcnta=\count102
)
(./isolatin1.sty ISO-latin-1 input coding, version 0.9 of 1-Jun-1992.)
(/usr/local/texlive/2015/texmf-dist/tex/latex/subfigure/subfigure.sty
Package: subfigure 2002/03/15 v2.1.5 subfigure package
\subfigtopskip=\skip46
\subfigcapskip=\skip47
\subfigcaptopadj=\dimen118
\subfigbottomskip=\skip48
\subfigcapmargin=\dimen119
\subfiglabelskip=\skip49
\c@subfigure=\count103
\c@lofdepth=\count104
\c@subtable=\count105
\c@lotdepth=\count106

****************************************
* Local config file subfigure.cfg used *
****************************************
(/usr/local/texlive/2015/texmf-dist/tex/latex/subfigure/subfigure.cfg)
\subfig@top=\skip50
\subfig@bottom=\skip51
)
(/usr/local/texlive/2015/texmf-dist/tex/latex/caption/caption2.sty
Package: caption2 2013/02/03 v2.2-62 Customising captions (AR)


Package caption2 Warning: ****************************************************
(caption2)                THIS PACKAGE IS OBSOLETE:
(caption2)                This package attempts to provide an `caption2'
(caption2)                package v2.0/2.1 author environment so that OLD
(caption2)                documents can be successfully processed. It should
(caption2)                NOT be used for NEW documents! New documents should
(caption2)                use the regular `caption' package v3.x instead.
(caption2)                ****************************************************

(/usr/local/texlive/2015/texmf-dist/tex/latex/caption/caption3.sty
Package: caption3 2013/05/02 v1.6-88 caption3 kernel (AR)
Package caption3 Info: TeX engine: e-TeX on input line 57.
\captionmargin=\dimen120
\captionmargin@=\dimen121
\captionwidth=\dimen122
\caption@tempdima=\dimen123
\caption@indent=\dimen124
\caption@parindent=\dimen125
\caption@hangindent=\dimen126
)
Package caption2 Info: Running in caption2 v2.0 compatibility mode on input lin
e 215.
\captionlinewidth=\dimen127
\realcaptionwidth=\dimen128
Package caption2 Info: subfigure package v2.1 (or newer) detected on input line
 443.
\subfigcapwidth=\dimen129
\subcapindent=\dimen130
)
(/usr/local/texlive/2015/texmf-dist/tex/latex/setspace/setspace.sty
Package: setspace 2011/12/19 v6.7a set line spacing
)
(./ps-macros.sty
PS-MACROS, University of Sussex at Brighton, 17-MAR-1992
(/usr/local/texlive/2015/texmf-dist/tex/generic/epsf/epsf.tex
This is `epsf.tex' v2.7.4 <14 February 2011>
\epsffilein=\read1
\epsfframemargin=\dimen131
\epsfframethickness=\dimen132
\epsfrsize=\dimen133
\epsftmp=\dimen134
\epsftsize=\dimen135
\epsfxsize=\dimen136
\epsfysize=\dimen137
\pspoints=\dimen138
)) (/usr/local/texlive/2015/texmf-dist/tex/latex/natbib/natbib.sty
Package: natbib 2010/09/13 8.31b (PWD, AO)
\bibhang=\skip52
\bibsep=\skip53
LaTeX Info: Redefining \cite on input line 694.
\c@NAT@ctr=\count107
)
(/usr/local/texlive/2015/texmf-dist/tex/latex/tools/array.sty
Package: array 2014/10/28 v2.4c Tabular extension package (FMi)
\col@sep=\dimen139
\extrarowheight=\dimen140
\NC@list=\toks23
\extratabsurround=\skip54
\backup@length=\skip55
)
(/usr/local/texlive/2015/texmf-dist/tex/latex/floatrow/floatrow.sty
Package: floatrow 2008/08/02 v0.3b floatrow: float package extension
\c@float@type=\count108
\float@exts=\toks24
\float@box=\box28
\@floatcapt=\box29
Package floatrow Info: Modified float package code loaded on input line 455.
Package floatrow Info: Modified rotfloat package code loaded on input line 473.

\FR@everyfloat=\toks25
\flrow@foot=\insert233
\FB@wd=\dimen141
\FBo@wd=\dimen142
\FBc@wd=\dimen143
\FBo@ht=\skip56
\FBc@ht=\skip57
\FBf@ht=\skip58
\FBo@max=\skip59
\FBc@max=\skip60
\FBf@max=\skip61
\c@FBl@b=\count109
\floatbox@depth=\count110
\c@FRobj=\count111
\c@FRsobj=\count112
\Xhsize=\skip62
\sXhsize=\skip63
\Zhsize=\skip64
\sZhsize=\skip65
\flrow@rowbox=\box30
\FR@Zunitlength=\dimen144
\c@FBcnt=\count113
\FPOScnt=\count114
\LTleft=\skip66
\LTright=\skip67
\LTleft=\skip68
\LTright=\skip69
\flrow@types=\toks26
)
(/usr/local/texlive/2015/texmf-dist/tex/latex/soul/soul.sty
Package: soul 2003/11/17 v2.4 letterspacing/underlining (mf)
\SOUL@word=\toks27
\SOUL@lasttoken=\toks28
\SOUL@cmds=\toks29
\SOUL@buffer=\toks30
\SOUL@token=\toks31
\SOUL@spaceskip=\skip70
\SOUL@ttwidth=\dimen145
\SOUL@uldp=\dimen146
\SOUL@ulht=\dimen147
)
\@input{comandos.aux}
\openout2 = `comandos.aux'.

(./comandos.tex)
\@input{id.aux}
\openout2 = `id.aux'.

(./id.tex) (./TCC.aux (./capa.aux) (./listas.aux)

LaTeX Warning: Label `tab:form:fonte' multiply defined.

)
\openout1 = `TCC.aux'.

LaTeX Font Info:    Checking defaults for OML/cmm/m/it on input line 33.
LaTeX Font Info:    ... okay on input line 33.
LaTeX Font Info:    Checking defaults for T1/cmr/m/n on input line 33.
LaTeX Font Info:    ... okay on input line 33.
LaTeX Font Info:    Checking defaults for OT1/cmr/m/n on input line 33.
LaTeX Font Info:    ... okay on input line 33.
LaTeX Font Info:    Checking defaults for OMS/cmsy/m/n on input line 33.
LaTeX Font Info:    ... okay on input line 33.
LaTeX Font Info:    Checking defaults for OMX/cmex/m/n on input line 33.
LaTeX Font Info:    ... okay on input line 33.
LaTeX Font Info:    Checking defaults for U/cmr/m/n on input line 33.
LaTeX Font Info:    ... okay on input line 33.
 (/usr/local/texlive/2015/texmf-dist/tex/context/base/supp-pdf.mkii
[Loading MPS to PDF converter (version 2006.09.02).]
\scratchcounter=\count115
\scratchdimen=\dimen148
\scratchbox=\box31
\nofMPsegments=\count116
\nofMParguments=\count117
\everyMPshowfont=\toks32
\MPscratchCnt=\count118
\MPscratchDim=\dimen149
\MPnumerator=\count119
\makeMPintoPDFobject=\count120
\everyMPtoPDFconversion=\toks33
) (/usr/local/texlive/2015/texmf-dist/tex/generic/oberdiek/pdftexcmds.sty
Package: pdftexcmds 2011/11/29 v0.20 Utility functions of pdfTeX for LuaTeX (HO
)

(/usr/local/texlive/2015/texmf-dist/tex/generic/oberdiek/ifluatex.sty
Package: ifluatex 2010/03/01 v1.3 Provides the ifluatex switch (HO)
Package ifluatex Info: LuaTeX not detected.
)
(/usr/local/texlive/2015/texmf-dist/tex/generic/oberdiek/ifpdf.sty
Package: ifpdf 2011/01/30 v2.3 Provides the ifpdf switch (HO)
Package ifpdf Info: pdfTeX in PDF mode is detected.
)
Package pdftexcmds Info: LuaTeX not detected.
Package pdftexcmds Info: \pdf@primitive is available.
Package pdftexcmds Info: \pdf@ifprimitive is available.
Package pdftexcmds Info: \pdfdraftmode found.
)
(/usr/local/texlive/2015/texmf-dist/tex/latex/oberdiek/epstopdf-base.sty
Package: epstopdf-base 2010/02/09 v2.5 Base part for package epstopdf

(/usr/local/texlive/2015/texmf-dist/tex/latex/oberdiek/grfext.sty
Package: grfext 2010/08/19 v1.1 Manage graphics extensions (HO)

(/usr/local/texlive/2015/texmf-dist/tex/generic/oberdiek/kvdefinekeys.sty
Package: kvdefinekeys 2011/04/07 v1.3 Define keys (HO)
))
(/usr/local/texlive/2015/texmf-dist/tex/latex/oberdiek/kvoptions.sty
Package: kvoptions 2011/06/30 v3.11 Key value format for package options (HO)

(/usr/local/texlive/2015/texmf-dist/tex/generic/oberdiek/kvsetkeys.sty
Package: kvsetkeys 2012/04/25 v1.16 Key value parser (HO)

(/usr/local/texlive/2015/texmf-dist/tex/generic/oberdiek/etexcmds.sty
Package: etexcmds 2011/02/16 v1.5 Avoid name clashes with e-TeX commands (HO)
Package etexcmds Info: Could not find \expanded.
(etexcmds)             That can mean that you are not using pdfTeX 1.50 or
(etexcmds)             that some package has redefined \expanded.
(etexcmds)             In the latter case, load this package earlier.
)))
Package grfext Info: Graphics extension search list:
(grfext)             [.png,.pdf,.jpg,.mps,.jpeg,.jbig2,.jb2,.PNG,.PDF,.JPG,.JPE
G,.JBIG2,.JB2,.eps]
(grfext)             \AppendGraphicsExtensions on input line 452.

(/usr/local/texlive/2015/texmf-dist/tex/latex/latexconfig/epstopdf-sys.cfg
File: epstopdf-sys.cfg 2010/07/13 v1.3 Configuration of (r)epstopdf for TeX Liv
e
))
Package caption Info: Begin \AtBeginDocument code.
Package caption Info: End \AtBeginDocument code.

(/usr/local/texlive/2015/texmf-dist/tex/latex/graphics/color.sty
Package: color 2014/10/28 v1.1a Standard LaTeX Color (DPC)

(/usr/local/texlive/2015/texmf-dist/tex/latex/latexconfig/color.cfg
File: color.cfg 2007/01/18 v1.5 color configuration of teTeX/TeXLive
)
Package color Info: Driver file: pdftex.def on input line 142.
)
\openout2 = `capa.aux'.


(./capa.tex <Figuras/logo.png, id=1, 590.205pt x 104.39pt>
File: Figuras/logo.png Graphic file (type png)

<use Figuras/logo.png>
Package pdftex.def Info: Figuras/logo.png used on input line 2.
(pdftex.def)             Requested size: 295.10178pt x 52.19485pt.
 [1






{/usr/local/texlive/2015/texmf-var/fonts/map/pdftex/updmap/pdftex.map} <./Figur
as/logo.png>]
LaTeX Font Info:    Try loading font information for U+msa on input line 4.

(/usr/local/texlive/2015/texmf-dist/tex/latex/amsfonts/umsa.fd
File: umsa.fd 2013/01/14 v3.01 AMS symbols A
)
LaTeX Font Info:    Try loading font information for U+msb on input line 4.

(/usr/local/texlive/2015/texmf-dist/tex/latex/amsfonts/umsb.fd
File: umsb.fd 2013/01/14 v3.01 AMS symbols B
) [1] [1]
Missing character: There is no á in font cmr12!

Underfull \hbox (badness 2245) in paragraph at lines 6--6
[]\OT1/cmr/m/n/14.4 Trabalho de Con-clus~ao de Curso
 []


Underfull \hbox (badness 2744) in paragraph at lines 6--6
\OT1/cmr/m/n/14.4 sub-me-tido ao Corpo Do-cente do
 []


Underfull \hbox (badness 1147) in paragraph at lines 6--6
\OT1/cmr/m/n/14.4 dade Arthur S^^Sa Earp Neto como
 []


Underfull \hbox (badness 10000) in paragraph at lines 6--6

 []


Underfull \hbox (badness 10000) in paragraph at lines 6--6

 []


Underfull \hbox (badness 10000) in paragraph at lines 6--6

 []


Underfull \hbox (badness 10000) in paragraph at lines 6--6

 []

[1]) (./dedicatoria.tex [1

]) (./agradecimentos.tex [2

]) (./epigrafe.tex
[3]) (./resumo.tex [4


]) (./abstract.tex [5

]) (./TCC.toc [6

])
\tf@toc=\write3
\openout3 = `TCC.toc'.

 [7]
\openout2 = `listas.aux'.

 (./listas.tex
(./TCC.lof)
\tf@lof=\write4
\openout4 = `TCC.lof'.

 [8


] (./TCC.lot)
\tf@lot=\write5
\openout5 = `TCC.lot'.

 [9

]) (./capitulo1.tex
Cap\'{\i }tulo 1.
[1


] [2]
Overfull \hbox (20.164pt too wide) in paragraph at lines 41--43
[]\OT1/cmr/bx/n/12 tui^^Xc~ao/coes [][]onde [][]o [][]tra[]-[]ba[]-[]lho [][]de
 [][]campo [][]se [][]re[]-[]a[]-[]li[]-[]zou [][]e [][]quais [][]fo[]-[]ram []
[]os [][]crit^^Serios/motivos
 []

[3]) (./capitulo2.tex [4]
Cap\'{\i }tulo 2.
) (./capitulo3.tex [5

]
Cap\'{\i }tulo 3.

Overfull \hbox (4.89476pt too wide) in paragraph at lines 7--8
[]\OT1/cmr/m/n/12 O site ofi-cial do pro-jeto La-TEX se en-con-tra no en-dere^^
Xco $\OT1/cmtt/m/n/12 https : / / www . latex-[]project .
 []

LaTeX Font Info:    Try loading font information for OMS+cmr on input line 11.
(/usr/local/texlive/2015/texmf-dist/tex/latex/base/omscmr.fd
File: omscmr.fd 2014/09/29 v2.5h Standard LaTeX font definitions
)
LaTeX Font Info:    Font shape `OMS/cmr/m/n' in size <12> not available
(Font)              Font shape `OMS/cmsy/m/n' tried instead on input line 11.


LaTeX Warning: `!h' float specifier changed to `!ht'.


Overfull \hbox (20.30411pt too wide) in paragraph at lines 52--53
[]\OT1/cmr/m/n/12 Para for-ma-tar a fonte, se-gui-mos o mo-delo de co-mando b^^
Sasico do La-TEX ($\OMS/cmsy/m/n/12 n$\OT1/cmr/m/n/12 comando\OMS/cmsy/m/n/12 f
\OT1/cmr/m/n/12 texto\OMS/cmsy/m/n/12 g
 []

[6

]

LaTeX Warning: `!h' float specifier changed to `!ht'.

[7] [8]

LaTeX Warning: Reference `Sec:analise:org' on page 9 undefined on input line 12
1.


LaTeX Warning: Reference `Sec:iso' on page 9 undefined on input line 132.

<figuras/organograma.png, id=84, 650.43pt x 363.759pt>
File: figuras/organograma.png Graphic file (type png)

<use figuras/organograma.png>
Package pdftex.def Info: figuras/organograma.png used on input line 136.
(pdftex.def)             Requested size: 390.261pt x 218.25708pt.


LaTeX Warning: `!h' float specifier changed to `!ht'.

[9] <figuras/metodo_cientifico.png, id=88, 776.14969pt x 368.1253pt>
File: figuras/metodo_cientifico.png Graphic file (type png)

<use figuras/metodo_cientifico.png>
Package pdftex.def Info: figuras/metodo_cientifico.png used on input line 151.
(pdftex.def)             Requested size: 388.0739pt x 184.0622pt.


LaTeX Warning: Reference `Sec:objetivo' on page 10 undefined on input line 160.


[10 <./figuras/organograma.png> <./figuras/metodo_cientifico.png>]

LaTeX Warning: Reference `Sec:intro:problema' on page 11 undefined on input lin
e 192.

<figuras/abordagem_pesquisa.png, id=94, 913.4125pt x 611.28375pt>
File: figuras/abordagem_pesquisa.png Graphic file (type png)

<use figuras/abordagem_pesquisa.png>
Package pdftex.def Info: figuras/abordagem_pesquisa.png used on input line 192.

(pdftex.def)             Requested size: 456.70514pt x 305.64113pt.

Overfull \hbox (1.46106pt too wide) in paragraph at lines 192--192
 [][] 
 []


LaTeX Warning: `!h' float specifier changed to `!ht'.

<figuras/fluxo_plan_questionario.jpg, id=95, 498.86375pt x 722.7pt>
File: figuras/fluxo_plan_questionario.jpg Graphic file (type jpg)

<use figuras/fluxo_plan_questionario.jpg>
Package pdftex.def Info: figuras/fluxo_plan_questionario.jpg used on input line
 192.
(pdftex.def)             Requested size: 299.32056pt x 433.62334pt.


LaTeX Warning: `!h' float specifier changed to `!ht'.

[11] [12 <./figuras/abordagem_pesquisa.png>] [13 <./figuras/fluxo_plan_question
ario.jpg>] <figuras/class_valores.png, id=107, 652.4375pt x 199.74625pt>
File: figuras/class_valores.png Graphic file (type png)

<use figuras/class_valores.png>
Package pdftex.def Info: figuras/class_valores.png used on input line 232.
(pdftex.def)             Requested size: 456.70313pt x 139.82141pt.

Overfull \hbox (1.45905pt too wide) in paragraph at lines 232--233
 [][] 
 []


LaTeX Warning: `!h' float specifier changed to `!ht'.

[14 <./figuras/class_valores.png>]

LaTeX Warning: Reference `Sec:iso' on page 15 undefined on input line 301.

[15] [16] [17] <figuras/pergunta_valor.png, id=124, 534.99875pt x 156.585pt>
File: figuras/pergunta_valor.png Graphic file (type png)

<use figuras/pergunta_valor.png>
Package pdftex.def Info: figuras/pergunta_valor.png used on input line 337.
(pdftex.def)             Requested size: 427.99957pt x 125.26816pt.


LaTeX Warning: `!h' float specifier changed to `!ht'.

[18 <./figuras/pergunta_valor.png>]
<figuras/pergunta_score.png, id=130, 621.32124pt x 159.59625pt>
File: figuras/pergunta_score.png Graphic file (type png)

<use figuras/pergunta_score.png>
Package pdftex.def Info: figuras/pergunta_score.png used on input line 420.
(pdftex.def)             Requested size: 497.05768pt x 127.67715pt.

Overfull \hbox (41.8136pt too wide) in paragraph at lines 420--420
 [][] 
 []

[19 <./figuras/pergunta_score.png>] [20]
<figuras/resultado_PM.png, id=139, 675.27281pt x 91.09032pt>
File: figuras/resultado_PM.png Graphic file (type png)

<use figuras/resultado_PM.png>
Package pdftex.def Info: figuras/resultado_PM.png used on input line 463.
(pdftex.def)             Requested size: 472.68774pt x 63.76277pt.

Overfull \hbox (17.44366pt too wide) in paragraph at lines 463--464
 [][] 
 []

<figuras/resultado_SI.png, id=140, 640.64343pt x 90.3375pt>
File: figuras/resultado_SI.png Graphic file (type png)

<use figuras/resultado_SI.png>
Package pdftex.def Info: figuras/resultado_SI.png used on input line 470.
(pdftex.def)             Requested size: 448.44734pt x 63.23581pt.
 [21 <./figuras/resultado_PM.png> <./figuras/resultado_SI.png>]
<figuras/pergunta_PM111Q1.png, id=146, 378.66469pt x 215.30438pt>
File: figuras/pergunta_PM111Q1.png Graphic file (type png)

<use figuras/pergunta_PM111Q1.png>
Package pdftex.def Info: figuras/pergunta_PM111Q1.png used on input line 481.
(pdftex.def)             Requested size: 265.06346pt x 150.71204pt.

<figuras/pergunta_PM111Q1_ISO.png, id=147, 129.48375pt x 214.55156pt>
File: figuras/pergunta_PM111Q1_ISO.png Graphic file (type png)

<use figuras/pergunta_PM111Q1_ISO.png>
Package pdftex.def Info: figuras/pergunta_PM111Q1_ISO.png used on input line 49
0.
(pdftex.def)             Requested size: 90.63799pt x 150.18506pt.
) (./resultados.tex [22 <./figuras/pergunta_PM111Q1.png> <./figuras/pergunta_PM
111Q1_ISO.png>]
Cap\'{\i }tulo 4.
) (./conclusao.tex [23

]
Cap\'{\i }tulo 5.
) (./TCC.bbl [24

]) [25

] (./TCC.aux (./capa.aux) (./listas.aux))

LaTeX Warning: There were undefined references.


LaTeX Warning: There were multiply-defined labels.

 ) 
Here is how much of TeX's memory you used:
 5730 strings out of 493089
 80138 string characters out of 6134842
 166810 words of memory out of 5000000
 9011 multiletter control sequences out of 15000+600000
 15762 words of font info for 60 fonts, out of 8000000 for 9000
 1145 hyphenation exceptions out of 8191
 38i,11n,39p,1480b,404s stack positions out of 5000i,500n,10000p,200000b,80000s
</usr/local/texlive/2015/texmf-dist/fonts/type1/public/amsfonts/cm/cmbx10.pfb
></usr/local/texlive/2015/texmf-dist/fonts/type1/public/amsfonts/cm/cmbx12.pfb>
</usr/local/texlive/2015/texmf-dist/fonts/type1/public/amsfonts/cm/cmbxti10.pfb
></usr/local/texlive/2015/texmf-dist/fonts/type1/public/amsfonts/cm/cmmi10.pfb>
</usr/local/texlive/2015/texmf-dist/fonts/type1/public/amsfonts/cm/cmmi12.pfb><
/usr/local/texlive/2015/texmf-dist/fonts/type1/public/amsfonts/cm/cmr10.pfb></u
sr/local/texlive/2015/texmf-dist/fonts/type1/public/amsfonts/cm/cmr12.pfb></usr
/local/texlive/2015/texmf-dist/fonts/type1/public/amsfonts/cm/cmr17.pfb></usr/l
ocal/texlive/2015/texmf-dist/fonts/type1/public/amsfonts/cm/cmr6.pfb></usr/loca
l/texlive/2015/texmf-dist/fonts/type1/public/amsfonts/cm/cmr7.pfb></usr/local/t
exlive/2015/texmf-dist/fonts/type1/public/amsfonts/cm/cmr8.pfb></usr/local/texl
ive/2015/texmf-dist/fonts/type1/public/amsfonts/cm/cmsy10.pfb></usr/local/texli
ve/2015/texmf-dist/fonts/type1/public/amsfonts/cm/cmti10.pfb></usr/local/texliv
e/2015/texmf-dist/fonts/type1/public/amsfonts/cm/cmti12.pfb></usr/local/texlive
/2015/texmf-dist/fonts/type1/public/amsfonts/cm/cmtt10.pfb></usr/local/texlive/
2015/texmf-dist/fonts/type1/public/amsfonts/cm/cmtt12.pfb>
Output written on TCC.pdf (38 pages, 584796 bytes).
PDF statistics:
 217 PDF objects out of 1000 (max. 8388607)
 136 compressed objects within 2 object streams
 0 named destinations out of 1000 (max. 500000)
 61 words of extra memory for PDF output out of 10000 (max. 10000000)

